2026-04-20T23:05:32.354+07:00  INFO 7088 --- [ss11] [restartedMain] re.edu.Ss11Application                   : Starting Ss11Application using Java 17.0.17 with PID 7088 (C:\Users\PHUONG\Desktop\java\ss11\build\classes\java\main started by PHUONG in C:\Users\PHUONG\Desktop\java\ss11)
2026-04-20T23:05:32.358+07:00  INFO 7088 --- [ss11] [restartedMain] re.edu.Ss11Application                   : No active profile set, falling back to 1 default profile: "default"
2026-04-20T23:05:32.402+07:00  INFO 7088 --- [ss11] [restartedMain] .e.DevToolsPropertyDefaultsPostProcessor : Devtools property defaults active! Set 'spring.devtools.add-properties' to 'false' to disable
2026-04-20T23:05:32.402+07:00  INFO 7088 --- [ss11] [restartedMain] .e.DevToolsPropertyDefaultsPostProcessor : For additional web related logging consider setting the 'logging.level.web' property to 'DEBUG'
2026-04-20T23:05:33.096+07:00  INFO 7088 --- [ss11] [restartedMain] .s.d.r.c.RepositoryConfigurationDelegate : Bootstrapping Spring Data JPA repositories in DEFAULT mode.
2026-04-20T23:05:33.141+07:00  INFO 7088 --- [ss11] [restartedMain] .s.d.r.c.RepositoryConfigurationDelegate : Finished Spring Data repository scanning in 36 ms. Found 1 JPA repository interface.
2026-04-20T23:05:33.572+07:00  INFO 7088 --- [ss11] [restartedMain] o.s.boot.tomcat.TomcatWebServer          : Tomcat initialized with port 8088 (http)
2026-04-20T23:05:33.582+07:00  INFO 7088 --- [ss11] [restartedMain] o.apache.catalina.core.StandardService   : Starting service [Tomcat]
2026-04-20T23:05:33.584+07:00  INFO 7088 --- [ss11] [restartedMain] o.apache.catalina.core.StandardEngine    : Starting Servlet engine: [Apache Tomcat/11.0.20]
2026-04-20T23:05:33.630+07:00  INFO 7088 --- [ss11] [restartedMain] b.w.c.s.WebApplicationContextInitializer : Root WebApplicationContext: initialization completed in 1227 ms
2026-04-20T23:05:33.779+07:00  INFO 7088 --- [ss11] [restartedMain] org.hibernate.orm.jpa                    : HHH008540: Processing PersistenceUnitInfo [name: default]
2026-04-20T23:05:33.850+07:00  INFO 7088 --- [ss11] [restartedMain] org.hibernate.orm.core                   : HHH000001: Hibernate ORM core version 7.2.7.Final
2026-04-20T23:05:34.351+07:00  INFO 7088 --- [ss11] [restartedMain] o.s.o.j.p.SpringPersistenceUnitInfo      : No LoadTimeWeaver setup: ignoring JPA class transformer
2026-04-20T23:05:34.386+07:00  INFO 7088 --- [ss11] [restartedMain] com.zaxxer.hikari.HikariDataSource       : HikariPool-1 - Starting...
2026-04-20T23:05:35.210+07:00  INFO 7088 --- [ss11] [restartedMain] com.zaxxer.hikari.pool.HikariPool        : HikariPool-1 - Added connection org.postgresql.jdbc.PgConnection@5f95f145
2026-04-20T23:05:35.211+07:00  INFO 7088 --- [ss11] [restartedMain] com.zaxxer.hikari.HikariDataSource       : HikariPool-1 - Start completed.
2026-04-20T23:05:35.274+07:00  WARN 7088 --- [ss11] [restartedMain] org.hibernate.orm.deprecation            : HHH90000025: PostgreSQLDialect does not need to be specified explicitly using 'hibernate.dialect' (remove the property setting and it will be selected by default)
2026-04-20T23:05:35.302+07:00  INFO 7088 --- [ss11] [restartedMain] org.hibernate.orm.connections.pooling    : HHH10001005: Database info:
	Database JDBC URL [jdbc:postgresql://localhost:5432/postgres]
	Database driver: PostgreSQL JDBC Driver
	Database dialect: PostgreSQLDialect
	Database version: 18.1
	Default catalog/schema: postgres/public
	Autocommit mode: undefined/unknown
	Isolation level: READ_COMMITTED [default READ_COMMITTED]
	JDBC fetch size: none
	Pool: DataSourceConnectionProvider
	Minimum pool size: undefined/unknown
	Maximum pool size: undefined/unknown
2026-04-20T23:05:36.175+07:00  INFO 7088 --- [ss11] [restartedMain] org.hibernate.orm.core                   : HHH000489: No JTA platform available (set 'hibernate.transaction.jta.platform' to enable JTA platform integration)
2026-04-20T23:05:36.291+07:00 DEBUG 7088 --- [ss11] [restartedMain] org.hibernate.SQL                        : 
    create table patients (
        id bigint generated by default as identity,
        age integer not null,
        name varchar(255),
        primary key (id)
    )
2026-04-20T23:05:36.343+07:00  INFO 7088 --- [ss11] [restartedMain] j.LocalContainerEntityManagerFactoryBean : Initialized JPA EntityManagerFactory for persistence unit 'default'
2026-04-20T23:05:36.419+07:00  INFO 7088 --- [ss11] [restartedMain] o.s.d.j.r.query.QueryEnhancerFactories   : Hibernate is in classpath; If applicable, HQL parser will be used.
2026-04-20T23:05:37.087+07:00  WARN 7088 --- [ss11] [restartedMain] JpaBaseConfiguration$JpaWebConfiguration : spring.jpa.open-in-view is enabled by default. Therefore, database queries may be performed during view rendering. Explicitly configure spring.jpa.open-in-view to disable this warning
2026-04-20T23:05:37.545+07:00  INFO 7088 --- [ss11] [restartedMain] o.s.boot.tomcat.TomcatWebServer          : Tomcat started on port 8088 (http) with context path '/'
2026-04-20T23:05:37.551+07:00  INFO 7088 --- [ss11] [restartedMain] re.edu.Ss11Application                   : Started Ss11Application in 5.634 seconds (process running for 6.703)
2026-04-20T23:05:37.554+07:00  WARN 7088 --- [ss11] [restartedMain] o.s.core.events.SpringDocAppInitializer  : SpringDoc /v3/api-docs endpoint is enabled by default. To disable it in production, set the property 'springdoc.api-docs.enabled=false'
2026-04-20T23:05:37.555+07:00  WARN 7088 --- [ss11] [restartedMain] o.s.core.events.SpringDocAppInitializer  : SpringDoc /swagger-ui.html endpoint is enabled by default. To disable it in production, set the property 'springdoc.swagger-ui.enabled=false'
2026-04-20T23:07:34.887+07:00  INFO 7088 --- [ss11] [SpringApplicationShutdownHook] o.s.boot.tomcat.GracefulShutdown         : Commencing graceful shutdown. Waiting for active requests to complete
2026-04-20T23:07:34.905+07:00  INFO 7088 --- [ss11] [tomcat-shutdown] o.s.boot.tomcat.GracefulShutdown         : Graceful shutdown complete
2026-04-20T23:07:34.908+07:00  INFO 7088 --- [ss11] [SpringApplicationShutdownHook] j.LocalContainerEntityManagerFactoryBean : Closing JPA EntityManagerFactory for persistence unit 'default'
2026-04-20T23:07:34.910+07:00  INFO 7088 --- [ss11] [SpringApplicationShutdownHook] com.zaxxer.hikari.HikariDataSource       : HikariPool-1 - Shutdown initiated...
2026-04-20T23:07:34.912+07:00  INFO 7088 --- [ss11] [SpringApplicationShutdownHook] com.zaxxer.hikari.HikariDataSource       : HikariPool-1 - Shutdown completed.
2026-04-20T23:07:37.076+07:00  INFO 16496 --- [ss11] [restartedMain] re.edu.Ss11Application                   : Starting Ss11Application using Java 17.0.17 with PID 16496 (C:\Users\PHUONG\Desktop\java\ss11\build\classes\java\main started by PHUONG in C:\Users\PHUONG\Desktop\java\ss11)
2026-04-20T23:07:37.078+07:00  INFO 16496 --- [ss11] [restartedMain] re.edu.Ss11Application                   : No active profile set, falling back to 1 default profile: "default"
2026-04-20T23:07:37.119+07:00  INFO 16496 --- [ss11] [restartedMain] .e.DevToolsPropertyDefaultsPostProcessor : Devtools property defaults active! Set 'spring.devtools.add-properties' to 'false' to disable
2026-04-20T23:07:37.119+07:00  INFO 16496 --- [ss11] [restartedMain] .e.DevToolsPropertyDefaultsPostProcessor : For additional web related logging consider setting the 'logging.level.web' property to 'DEBUG'
2026-04-20T23:07:37.738+07:00  INFO 16496 --- [ss11] [restartedMain] .s.d.r.c.RepositoryConfigurationDelegate : Bootstrapping Spring Data JPA repositories in DEFAULT mode.
2026-04-20T23:07:37.781+07:00  INFO 16496 --- [ss11] [restartedMain] .s.d.r.c.RepositoryConfigurationDelegate : Finished Spring Data repository scanning in 35 ms. Found 1 JPA repository interface.
2026-04-20T23:07:38.158+07:00  INFO 16496 --- [ss11] [restartedMain] o.s.boot.tomcat.TomcatWebServer          : Tomcat initialized with port 8088 (http)
2026-04-20T23:07:38.168+07:00  INFO 16496 --- [ss11] [restartedMain] o.apache.catalina.core.StandardService   : Starting service [Tomcat]
2026-04-20T23:07:38.168+07:00  INFO 16496 --- [ss11] [restartedMain] o.apache.catalina.core.StandardEngine    : Starting Servlet engine: [Apache Tomcat/11.0.20]
2026-04-20T23:07:38.214+07:00  INFO 16496 --- [ss11] [restartedMain] b.w.c.s.WebApplicationContextInitializer : Root WebApplicationContext: initialization completed in 1095 ms
2026-04-20T23:07:38.351+07:00  INFO 16496 --- [ss11] [restartedMain] org.hibernate.orm.jpa                    : HHH008540: Processing PersistenceUnitInfo [name: default]
2026-04-20T23:07:38.405+07:00  INFO 16496 --- [ss11] [restartedMain] org.hibernate.orm.core                   : HHH000001: Hibernate ORM core version 7.2.7.Final
2026-04-20T23:07:38.851+07:00  INFO 16496 --- [ss11] [restartedMain] o.s.o.j.p.SpringPersistenceUnitInfo      : No LoadTimeWeaver setup: ignoring JPA class transformer
2026-04-20T23:07:38.881+07:00  INFO 16496 --- [ss11] [restartedMain] com.zaxxer.hikari.HikariDataSource       : HikariPool-1 - Starting...
2026-04-20T23:07:39.012+07:00  INFO 16496 --- [ss11] [restartedMain] com.zaxxer.hikari.pool.HikariPool        : HikariPool-1 - Added connection org.postgresql.jdbc.PgConnection@54185efc
2026-04-20T23:07:39.014+07:00  INFO 16496 --- [ss11] [restartedMain] com.zaxxer.hikari.HikariDataSource       : HikariPool-1 - Start completed.
2026-04-20T23:07:39.043+07:00  WARN 16496 --- [ss11] [restartedMain] org.hibernate.orm.deprecation            : HHH90000025: PostgreSQLDialect does not need to be specified explicitly using 'hibernate.dialect' (remove the property setting and it will be selected by default)
2026-04-20T23:07:39.065+07:00  INFO 16496 --- [ss11] [restartedMain] org.hibernate.orm.connections.pooling    : HHH10001005: Database info:
	Database JDBC URL [jdbc:postgresql://localhost:5432/postgres]
	Database driver: PostgreSQL JDBC Driver
	Database dialect: PostgreSQLDialect
	Database version: 18.1
	Default catalog/schema: postgres/public
	Autocommit mode: undefined/unknown
	Isolation level: READ_COMMITTED [default READ_COMMITTED]
	JDBC fetch size: none
	Pool: DataSourceConnectionProvider
	Minimum pool size: undefined/unknown
	Maximum pool size: undefined/unknown
2026-04-20T23:07:39.835+07:00  INFO 16496 --- [ss11] [restartedMain] org.hibernate.orm.core                   : HHH000489: No JTA platform available (set 'hibernate.transaction.jta.platform' to enable JTA platform integration)
2026-04-20T23:07:39.890+07:00  INFO 16496 --- [ss11] [restartedMain] j.LocalContainerEntityManagerFactoryBean : Initialized JPA EntityManagerFactory for persistence unit 'default'
2026-04-20T23:07:39.957+07:00  INFO 16496 --- [ss11] [restartedMain] o.s.d.j.r.query.QueryEnhancerFactories   : Hibernate is in classpath; If applicable, HQL parser will be used.
2026-04-20T23:07:40.572+07:00  WARN 16496 --- [ss11] [restartedMain] JpaBaseConfiguration$JpaWebConfiguration : spring.jpa.open-in-view is enabled by default. Therefore, database queries may be performed during view rendering. Explicitly configure spring.jpa.open-in-view to disable this warning
2026-04-20T23:07:40.980+07:00  INFO 16496 --- [ss11] [restartedMain] o.s.boot.tomcat.TomcatWebServer          : Tomcat started on port 8088 (http) with context path '/'
2026-04-20T23:07:40.986+07:00  INFO 16496 --- [ss11] [restartedMain] re.edu.Ss11Application                   : Started Ss11Application in 4.291 seconds (process running for 4.807)
2026-04-20T23:07:40.989+07:00  WARN 16496 --- [ss11] [restartedMain] o.s.core.events.SpringDocAppInitializer  : SpringDoc /v3/api-docs endpoint is enabled by default. To disable it in production, set the property 'springdoc.api-docs.enabled=false'
2026-04-20T23:07:40.989+07:00  INFO 16496 --- [ss11] [SpringApplicationShutdownHook] o.s.boot.tomcat.GracefulShutdown         : Commencing graceful shutdown. Waiting for active requests to complete
2026-04-20T23:07:40.989+07:00  WARN 16496 --- [ss11] [restartedMain] o.s.core.events.SpringDocAppInitializer  : SpringDoc /swagger-ui.html endpoint is enabled by default. To disable it in production, set the property 'springdoc.swagger-ui.enabled=false'
2026-04-20T23:07:41.008+07:00  INFO 16496 --- [ss11] [tomcat-shutdown] o.s.boot.tomcat.GracefulShutdown         : Graceful shutdown complete
2026-04-20T23:07:41.010+07:00  INFO 16496 --- [ss11] [SpringApplicationShutdownHook] j.LocalContainerEntityManagerFactoryBean : Closing JPA EntityManagerFactory for persistence unit 'default'
2026-04-20T23:07:41.013+07:00  INFO 16496 --- [ss11] [SpringApplicationShutdownHook] com.zaxxer.hikari.HikariDataSource       : HikariPool-1 - Shutdown initiated...
2026-04-20T23:07:41.015+07:00  INFO 16496 --- [ss11] [SpringApplicationShutdownHook] com.zaxxer.hikari.HikariDataSource       : HikariPool-1 - Shutdown completed.
